2025-06-29 20:05:35,412 - INFO - 💡 Effective download directory: E:\Portfolio\code_ver7\ghed_downloads
2025-06-29 20:06:08,010 - INFO - 📥 Download initiated...
2025-06-29 20:06:08,013 - INFO - [0s] Files in directory: []
2025-06-29 20:06:09,015 - INFO - [1s] Files in directory: ['GHED_data.XLSX.crdownload']
2025-06-29 20:06:10,017 - INFO - [2s] Files in directory: ['GHED_data.XLSX.crdownload']
2025-06-29 20:06:11,018 - INFO - [3s] Files in directory: ['GHED_data.XLSX.crdownload']
2025-06-29 20:06:12,020 - INFO - [4s] Files in directory: ['GHED_data.XLSX.crdownload']
2025-06-29 20:06:13,021 - INFO - [5s] Files in directory: ['GHED_data.XLSX.crdownload']
2025-06-29 20:06:14,023 - INFO - [6s] Files in directory: ['GHED_data.XLSX.crdownload']
2025-06-29 20:06:15,029 - INFO - [7s] Files in directory: ['GHED_data.XLSX.crdownload']
2025-06-29 20:06:16,031 - INFO - [8s] Files in directory: ['GHED_data.XLSX.crdownload']
2025-06-29 20:06:17,033 - INFO - [9s] Files in directory: ['GHED_data.XLSX.crdownload']
2025-06-29 20:06:18,034 - INFO - [10s] Files in directory: ['GHED_data.XLSX.crdownload']
2025-06-29 20:06:19,035 - INFO - [11s] Files in directory: ['GHED_data.XLSX.crdownload']
2025-06-29 20:06:20,037 - INFO - [12s] Files in directory: ['GHED_data.XLSX.crdownload']
2025-06-29 20:06:21,039 - INFO - [13s] Files in directory: ['GHED_data.XLSX.crdownload']
2025-06-29 20:06:22,040 - INFO - [14s] Files in directory: ['GHED_data.XLSX.crdownload']
2025-06-29 20:06:23,042 - INFO - [15s] Files in directory: ['GHED_data.XLSX.crdownload']
2025-06-29 20:06:24,043 - INFO - [16s] Files in directory: ['GHED_data.XLSX.crdownload']
2025-06-29 20:06:25,045 - INFO - [17s] Files in directory: ['GHED_data.XLSX.crdownload']
2025-06-29 20:06:26,046 - INFO - [18s] Files in directory: ['GHED_data.XLSX.crdownload']
2025-06-29 20:06:27,048 - INFO - [19s] Files in directory: ['GHED_data.XLSX.crdownload']
2025-06-29 20:06:28,049 - INFO - [20s] Files in directory: ['GHED_data.XLSX.crdownload']
2025-06-29 20:06:29,050 - INFO - [21s] Files in directory: ['GHED_data.XLSX.crdownload']
2025-06-29 20:06:30,052 - INFO - [22s] Files in directory: ['GHED_data.XLSX.crdownload']
2025-06-29 20:06:31,054 - INFO - [23s] Files in directory: ['GHED_data.XLSX.crdownload']
2025-06-29 20:06:32,055 - INFO - [24s] Files in directory: ['GHED_data.XLSX.crdownload']
2025-06-29 20:06:33,057 - INFO - [25s] Files in directory: ['GHED_data.XLSX.crdownload']
2025-06-29 20:06:34,058 - INFO - [26s] Files in directory: ['GHED_data.XLSX.crdownload']
2025-06-29 20:06:35,060 - INFO - [27s] Files in directory: ['GHED_data.XLSX.crdownload']
2025-06-29 20:06:36,061 - INFO - [28s] Files in directory: ['GHED_data.XLSX.crdownload']
2025-06-29 20:06:37,063 - INFO - [29s] Files in directory: ['GHED_data.XLSX.crdownload']
2025-06-29 20:06:38,065 - INFO - [30s] Files in directory: ['GHED_data.XLSX.crdownload']
2025-06-29 20:06:39,066 - INFO - [31s] Files in directory: ['GHED_data.XLSX.crdownload']
2025-06-29 20:06:40,067 - INFO - [32s] Files in directory: ['GHED_data.XLSX.crdownload']
2025-06-29 20:06:41,069 - INFO - [33s] Files in directory: ['GHED_data.XLSX.crdownload']
2025-06-29 20:06:42,070 - INFO - [34s] Files in directory: ['GHED_data.XLSX.crdownload']
2025-06-29 20:06:43,072 - INFO - [35s] Files in directory: ['GHED_data.XLSX.crdownload']
2025-06-29 20:06:44,073 - INFO - [36s] Files in directory: ['GHED_data.XLSX.crdownload']
2025-06-29 20:06:45,074 - INFO - [37s] Files in directory: ['GHED_data.XLSX.crdownload']
2025-06-29 20:06:46,075 - INFO - [38s] Files in directory: ['GHED_data.XLSX.crdownload']
2025-06-29 20:06:47,077 - INFO - [39s] Files in directory: ['GHED_data.XLSX.crdownload']
2025-06-29 20:06:48,079 - INFO - [40s] Files in directory: ['GHED_data.XLSX.crdownload']
2025-06-29 20:06:49,080 - INFO - [41s] Files in directory: ['GHED_data.XLSX.crdownload']
2025-06-29 20:06:50,081 - INFO - [42s] Files in directory: ['GHED_data.XLSX.crdownload']
2025-06-29 20:06:51,083 - INFO - [43s] Files in directory: ['GHED_data.XLSX.crdownload']
2025-06-29 20:06:52,085 - INFO - [44s] Files in directory: ['GHED_data.XLSX.crdownload']
2025-06-29 20:06:53,086 - INFO - [45s] Files in directory: ['GHED_data.XLSX.crdownload']
2025-06-29 20:06:54,088 - INFO - [46s] Files in directory: ['GHED_data.XLSX.crdownload']
2025-06-29 20:06:55,090 - INFO - [47s] Files in directory: ['GHED_data.XLSX.crdownload']
2025-06-29 20:06:56,091 - INFO - [48s] Files in directory: ['GHED_data.XLSX.crdownload']
2025-06-29 20:06:57,093 - INFO - [49s] Files in directory: ['GHED_data.XLSX.crdownload']
2025-06-29 20:06:58,095 - INFO - [50s] Files in directory: ['GHED_data.XLSX.crdownload']
2025-06-29 20:06:59,096 - INFO - [51s] Files in directory: ['GHED_data.XLSX.crdownload']
2025-06-29 20:07:00,097 - INFO - [52s] Files in directory: ['GHED_data.XLSX.crdownload']
2025-06-29 20:07:01,098 - INFO - [53s] Files in directory: ['GHED_data.XLSX.crdownload']
2025-06-29 20:07:02,099 - INFO - [54s] Files in directory: ['GHED_data.XLSX.crdownload']
2025-06-29 20:07:03,101 - INFO - [55s] Files in directory: ['GHED_data.XLSX.crdownload']
2025-06-29 20:07:04,102 - INFO - [56s] Files in directory: ['GHED_data.XLSX.crdownload']
2025-06-29 20:07:05,103 - INFO - [57s] Files in directory: ['GHED_data.XLSX.crdownload']
2025-06-29 20:07:06,104 - INFO - [58s] Files in directory: ['GHED_data.XLSX.crdownload']
2025-06-29 20:07:07,106 - INFO - [59s] Files in directory: ['GHED_data.XLSX.crdownload']
2025-06-29 20:07:08,108 - INFO - [60s] Files in directory: ['GHED_data.XLSX.crdownload']
2025-06-29 20:07:09,110 - INFO - [61s] Files in directory: ['GHED_data.XLSX.crdownload']
2025-06-29 20:07:10,111 - INFO - [62s] Files in directory: ['GHED_data.XLSX.crdownload']
2025-06-29 20:07:11,112 - INFO - [63s] Files in directory: ['GHED_data.XLSX.crdownload']
2025-06-29 20:07:12,113 - INFO - [64s] Files in directory: ['GHED_data.XLSX.crdownload']
2025-06-29 20:07:13,115 - INFO - [65s] Files in directory: ['GHED_data.XLSX.crdownload']
2025-06-29 20:07:14,116 - INFO - [66s] Files in directory: ['GHED_data.XLSX.crdownload']
2025-06-29 20:07:15,117 - INFO - [67s] Files in directory: ['GHED_data.XLSX.crdownload']
2025-06-29 20:07:16,118 - INFO - [68s] Files in directory: ['GHED_data.XLSX.crdownload']
2025-06-29 20:07:17,120 - INFO - [69s] Files in directory: ['GHED_data.XLSX.crdownload']
2025-06-29 20:07:18,122 - INFO - [70s] Files in directory: ['GHED_data.XLSX.crdownload']
2025-06-29 20:07:19,123 - INFO - [71s] Files in directory: ['GHED_data.XLSX.crdownload']
2025-06-29 20:07:20,125 - INFO - [72s] Files in directory: ['GHED_data.XLSX.crdownload']
2025-06-29 20:07:21,126 - INFO - [73s] Files in directory: ['GHED_data.XLSX.crdownload']
2025-06-29 20:07:22,128 - INFO - [74s] Files in directory: ['GHED_data.XLSX.crdownload']
2025-06-29 20:07:23,130 - INFO - [75s] Files in directory: ['GHED_data.XLSX.crdownload']
2025-06-29 20:07:24,131 - INFO - [76s] Files in directory: ['GHED_data.XLSX.crdownload']
2025-06-29 20:07:25,133 - INFO - [77s] Files in directory: ['GHED_data.XLSX.crdownload']
2025-06-29 20:07:26,135 - INFO - [78s] Files in directory: ['GHED_data.XLSX.crdownload']
2025-06-29 20:07:27,139 - INFO - [79s] Files in directory: ['GHED_data.XLSX.crdownload']
2025-06-29 20:07:28,141 - INFO - [80s] Files in directory: ['GHED_data.XLSX']
2025-06-29 20:07:28,142 - INFO - ✅ Found final file: E:\Portfolio\code_ver7\ghed_downloads\GHED_data.XLSX
2025-06-29 20:07:28,143 - INFO - 📄 File renamed to: Nigeria_2015_2022_20250629_200728.xlsx
2025-06-29 20:07:30,622 - INFO - 🧹 Browser closed
