2025-06-09 00:21:48,219 - INFO - ====== WebDriver manager ======
2025-06-09 00:21:49,487 - INFO - Get LATEST chromedriver version for google-chrome
2025-06-09 00:21:49,895 - INFO - Get LATEST chromedriver version for google-chrome
2025-06-09 00:21:50,226 - INFO - Get LATEST chromedriver version for google-chrome
2025-06-09 00:21:51,160 - INFO - WebDriver version 136.0.7103.113 selected
2025-06-09 00:21:51,165 - INFO - Modern chrome version https://storage.googleapis.com/chrome-for-testing-public/136.0.7103.113/win32/chromedriver-win32.zip
2025-06-09 00:21:51,166 - INFO - About to download new driver from https://storage.googleapis.com/chrome-for-testing-public/136.0.7103.113/win32/chromedriver-win32.zip
2025-06-09 00:21:51,627 - INFO - Driver downloading response is 200
2025-06-09 00:21:54,124 - INFO - Get LATEST chromedriver version for google-chrome
2025-06-09 00:21:55,146 - INFO - Driver has been saved in cache [C:\Users\amnaj\.wdm\drivers\chromedriver\win64\136.0.7103.113]
2025-06-09 00:22:13,709 - INFO - Clicked 'Explore'
2025-06-09 00:22:18,922 - INFO - Clicked 'View All'
2025-06-09 00:22:31,095 - INFO - Clicked row 2
2025-06-09 00:22:35,249 - INFO - Downloaded CSV from: https://d-portal.org/q.csv?aid=XM-DAC-928-AL-2022-23-03.002.EU01.ALB01
2025-06-09 00:22:41,419 - INFO - Clicked row 3
2025-06-09 00:22:45,536 - INFO - Downloaded CSV from: https://d-portal.org/q.csv?aid=XM-DAC-928-AL-2022-23-04.001.EU01.ALB01
2025-06-09 00:22:51,751 - INFO - Clicked row 4
2025-06-09 00:22:55,864 - INFO - Downloaded CSV from: https://d-portal.org/q.csv?aid=XM-DAC-928-AL-2022-23-01.003.EU01.ALB01
2025-06-09 00:23:02,107 - INFO - Clicked row 5
2025-06-09 00:23:06,230 - INFO - Downloaded CSV from: https://d-portal.org/q.csv?aid=XM-DAC-928-AL-2022-23-01.001.EU01.ALB05
2025-06-09 00:23:12,390 - INFO - Clicked row 6
2025-06-09 00:23:16,544 - INFO - Downloaded CSV from: https://d-portal.org/q.csv?aid=XM-DAC-928-AL-2022-23-01.001.EU01.ALB04
2025-06-09 00:23:22,770 - INFO - Clicked row 7
2025-06-09 00:23:26,885 - INFO - Downloaded CSV from: https://d-portal.org/q.csv?aid=XM-DAC-928-AL-2022-23-01.001.EU01.ALB02
2025-06-09 00:23:33,101 - INFO - Clicked row 8
2025-06-09 00:23:37,231 - INFO - Downloaded CSV from: https://d-portal.org/q.csv?aid=XM-DAC-928-AL-2022-23-01.001.EU01.ALB01
2025-06-09 00:23:43,537 - INFO - Clicked row 9
2025-06-09 00:23:47,698 - INFO - Downloaded CSV from: https://d-portal.org/q.csv?aid=XM-DAC-928-AL-2022-23-01.003.EU01.ALB05
2025-06-09 00:23:53,896 - INFO - Clicked row 10
2025-06-09 00:23:58,007 - INFO - Downloaded CSV from: https://d-portal.org/q.csv?aid=XM-DAC-928-AL-2022-23-01.003.EU01.ALB03
2025-06-09 00:24:04,217 - INFO - Clicked row 11
2025-06-09 00:24:08,335 - INFO - Downloaded CSV from: https://d-portal.org/q.csv?aid=XM-DAC-928-AL-2022-23-02.002.EU01.ALB03
2025-06-09 00:24:14,551 - INFO - Clicked row 12
2025-06-09 00:24:18,661 - INFO - Downloaded CSV from: https://d-portal.org/q.csv?aid=XM-DAC-928-AL-2022-23-03.001.EU01.ALB01
2025-06-09 00:24:25,805 - WARNING - Element click intercepted at index 13: Message: element click intercepted: Element <tr onclick="return ctrack.url('#view=act&amp;aid=GB-GOV-3-IP_AL');">...</tr> is not clickable at point (365, 34). Other element would receive the click: <th class="titles">...</th>
  (Session info: chrome=136.0.7103.114)
Stacktrace:
	GetHandleVerifier [0x0047FC03+61635]
	GetHandleVerifier [0x0047FC44+61700]
	(No symbol) [0x002A05D3]
	(No symbol) [0x002EECB0]
	(No symbol) [0x002ED054]
	(No symbol) [0x002EABF7]
	(No symbol) [0x002E9EFB]
	(No symbol) [0x002DE5A5]
	(No symbol) [0x0030D29C]
	(No symbol) [0x002DE034]
	(No symbol) [0x0030D514]
	(No symbol) [0x0032E61B]
	(No symbol) [0x0030D096]
	(No symbol) [0x002DC840]
	(No symbol) [0x002DD6A4]
	GetHandleVerifier [0x00704523+2701795]
	GetHandleVerifier [0x006FFCA6+2683238]
	GetHandleVerifier [0x0071A9EE+2793134]
	GetHandleVerifier [0x004968C5+155013]
	GetHandleVerifier [0x0049CFAD+181357]
	GetHandleVerifier [0x00487458+92440]
	GetHandleVerifier [0x00487600+92864]
	GetHandleVerifier [0x00471FF0+5296]
	BaseThreadInitThunk [0x75A87BA9+25]
	RtlInitializeExceptionChain [0x7713C0CB+107]
	RtlClearBits [0x7713C04F+191]

2025-06-09 00:24:31,984 - INFO - Clicked row 14
2025-06-09 00:24:36,148 - INFO - Downloaded CSV from: https://d-portal.org/q.csv?aid=XM-DAC-928-AL-2020-21-01.001.EU01.ALB04
2025-06-09 00:24:42,409 - INFO - Clicked row 15
2025-06-09 00:24:46,525 - INFO - Downloaded CSV from: https://d-portal.org/q.csv?aid=XM-DAC-928-AL-2020-21-01.002.EU01.ALB03
2025-06-09 00:24:52,779 - INFO - Clicked row 16
2025-06-09 00:24:56,894 - INFO - Downloaded CSV from: https://d-portal.org/q.csv?aid=XM-DAC-928-AL-2020-21-01.003.EU01.ALB01
2025-06-09 00:25:03,162 - INFO - Clicked row 17
2025-06-09 00:25:20,121 - INFO - Downloaded CSV from: https://d-portal.org/q.csv?aid=XM-DAC-928-AL-2020-21-01.003.EU01.ALB03
2025-06-09 00:25:27,608 - INFO - Clicked row 18
2025-06-09 00:25:31,919 - INFO - Downloaded CSV from: https://d-portal.org/q.csv?aid=XM-DAC-928-AL-2020-21-01.003.EU01.ALB05
2025-06-09 00:25:38,716 - INFO - Clicked row 19
2025-06-09 00:25:42,831 - INFO - Downloaded CSV from: https://d-portal.org/q.csv?aid=XM-DAC-928-AL-2020-21-02.002.EU01.ALB02
2025-06-09 00:25:49,086 - INFO - Clicked row 20
2025-06-09 00:25:53,219 - INFO - Downloaded CSV from: https://d-portal.org/q.csv?aid=XM-DAC-928-AL-2020-21-03.001.EU01.ALB01
2025-06-09 00:25:59,597 - INFO - Clicked row 21
2025-06-09 00:26:03,703 - INFO - Downloaded CSV from: https://d-portal.org/q.csv?aid=XM-DAC-928-AL-2020-21-04.001.EU01.ALB03
2025-06-09 00:26:09,955 - INFO - Clicked row 22
2025-06-09 00:26:14,059 - INFO - Downloaded CSV from: https://d-portal.org/q.csv?aid=XM-DAC-928-AL-2020-21-04.001.EU01.ALB01
2025-06-09 00:26:20,299 - INFO - Clicked row 23
2025-06-09 00:26:24,405 - INFO - Downloaded CSV from: https://d-portal.org/q.csv?aid=XM-DAC-928-AL-2020-21-03.002.EU01.ALB01
2025-06-09 00:33:11,509 - INFO - Finished or no more rows at index 24: Message: invalid session id: session deleted as the browser has closed the connection
from disconnected: not connected to DevTools
  (Session info: chrome=136.0.7103.114)
Stacktrace:
	GetHandleVerifier [0x0047FC03+61635]
	GetHandleVerifier [0x0047FC44+61700]
	(No symbol) [0x002A05D3]
	(No symbol) [0x0028FE20]
	(No symbol) [0x002ADD1F]
	(No symbol) [0x00313E8C]
	(No symbol) [0x0032DF19]
	(No symbol) [0x0030D096]
	(No symbol) [0x002DC840]
	(No symbol) [0x002DD6A4]
	GetHandleVerifier [0x00704523+2701795]
	GetHandleVerifier [0x006FFCA6+2683238]
	GetHandleVerifier [0x0071A9EE+2793134]
	GetHandleVerifier [0x004968C5+155013]
	GetHandleVerifier [0x0049CFAD+181357]
	GetHandleVerifier [0x00487458+92440]
	GetHandleVerifier [0x00487600+92864]
	GetHandleVerifier [0x00471FF0+5296]
	BaseThreadInitThunk [0x75A87BA9+25]
	RtlInitializeExceptionChain [0x7713C0CB+107]
	RtlClearBits [0x7713C04F+191]

2025-06-09 00:33:11,509 - INFO - All CSVs downloaded to: E:\Portfolio\airbnb-amsterdam-price-analysis\downloads
